<?xml version="1.0" encoding="UTF-8"?>
<testng-results ignored="0" total="1" passed="1" failed="0" skipped="0">
  <reporter-output>
  </reporter-output>
  <suite started-at="2020-12-30T13:01:54 CET" name="OurFirstTest" finished-at="2020-12-30T13:01:54 CET" duration-ms="42">
    <groups>
    </groups>
    <test started-at="2020-12-30T13:01:54 CET" name="Command line test" finished-at="2020-12-30T13:01:54 CET" duration-ms="42">
      <class name="OurFirstTest">
        <test-method signature="sayHallow()[pri:0, instance:OurFirstTest@6950e31]" started-at="2020-12-30T13:01:54 CET" name="sayHallow" finished-at="2020-12-30T13:01:54 CET" duration-ms="5" status="PASS">
          <reporter-output>
          </reporter-output>
        </test-method> <!-- sayHallow -->
      </class> <!-- OurFirstTest -->
    </test> <!-- Command line test -->
  </suite> <!-- OurFirstTest -->
</testng-results>
